12:35:59.745067  INFO on_chain_event_indexer::telemetry: Logger initialized
12:35:59.748505  WARN new_pool: sqlx::postgres::notice: database "app_db" has a collation version mismatch
12:35:59.748780  INFO new_pool: on_chain_event_indexer::database: Database pool created elapsed_ms=3
12:35:59.759230  INFO on_chain_event_indexer::api: Starting API server initialization
12:35:59.759567  INFO on_chain_event_indexer::api: API listener bound address="127.0.0.1:8080"
12:35:59.759589  INFO on_chain_event_indexer::api: API server is running
12:36:39.780370  INFO on_chain_event_indexer::api: Received address processing request address=Cq1vY...R3Gaq
12:36:39.782862  INFO on_chain_event_indexer::api: Processing job skipped: address already exists address=Cq1vY...R3Gaq
12:36:42.719379  INFO on_chain_event_indexer::api: Received address processing request address=Cq1vY...R3Gaq
12:36:42.720328  INFO on_chain_event_indexer::api: Processing job skipped: address already exists address=Cq1vY...R3Gaq
12:36:45.363246  INFO on_chain_event_indexer::api: Received address processing request address=Cq1vY...R3Gaq
12:36:45.364112  INFO on_chain_event_indexer::api: Processing job skipped: address already exists address=Cq1vY...R3Gaq
12:36:51.115363  INFO on_chain_event_indexer::api: Received address processing request address=Cq1vY...R3Gaq
12:36:51.116217  INFO on_chain_event_indexer::api: Processing job skipped: address already exists address=Cq1vY...R3Gaq
12:41:20.661092  INFO on_chain_event_indexer::telemetry: Logger initialized
12:41:20.665635  WARN new_pool: sqlx::postgres::notice: database "app_db" has a collation version mismatch
12:41:20.666539  INFO new_pool: on_chain_event_indexer::database: Database pool created elapsed_ms=4
12:41:20.678222  INFO on_chain_event_indexer::api: Starting API server initialization
12:41:20.678550  INFO on_chain_event_indexer::api: API listener bound address="127.0.0.1:8080"
12:41:20.678575  INFO on_chain_event_indexer::api: API server is running
12:41:24.115053  INFO on_chain_event_indexer::api: Received address processing request address=Cq1vY...R3Gaq
12:41:24.117382  INFO on_chain_event_indexer::api: Processing job skipped: address already exists address=Cq1vY...R3Gaq
12:41:25.983798  INFO on_chain_event_indexer::api: Received address processing request address=Cq1vY...R3Gaq
12:41:25.984521  INFO on_chain_event_indexer::api: Processing job skipped: address already exists address=Cq1vY...R3Gaq
17:06:43.963621  INFO on_chain_event_indexer::telemetry: Logger initialized
17:06:43.969607  WARN new_pool: sqlx::postgres::notice: database "app_db" has a collation version mismatch
17:06:43.971699  INFO new_pool: on_chain_event_indexer::database: Database pool created elapsed_ms=7
17:06:43.987911  INFO on_chain_event_indexer::api: Starting API server initialization
17:06:43.988321  INFO on_chain_event_indexer::api: API listener bound address="127.0.0.1:8080"
17:06:43.988371  INFO on_chain_event_indexer::api: API server is running
17:06:43.990776  WARN take_pending_address: sqlx::postgres::notice: database "app_db" has a collation version mismatch
17:06:43.990942  WARN take_pending_address: sqlx::postgres::notice: database "app_db" has a collation version mismatch
17:06:43.991066  WARN take_pending_address: sqlx::postgres::notice: database "app_db" has a collation version mismatch
17:06:44.009097  WARN bind_worker_to_address{[3maddress[0m[2m=[0mDfsRQ...FiCc6}: sqlx::postgres::notice: database "app_db" has a collation version mismatch
17:06:44.009336  INFO indexer_run{[3maddress[0m[2m=[0mpx1rb...z2HwH}: on_chain_event_indexer: Fetching signatures started
17:06:44.010150  INFO indexer_run{[3maddress[0m[2m=[0mCq1vY...R3Gaq}: on_chain_event_indexer: Fetching signatures started
17:06:44.012378  INFO indexer_run{[3maddress[0m[2m=[0mpx1rb...z2HwH}:indexer_run{[3maddress[0m[2m=[0mDfsRQ...FiCc6}: on_chain_event_indexer: Fetching signatures started
17:06:44.430199  INFO indexer_run{[3maddress[0m[2m=[0mCq1vY...R3Gaq}: on_chain_event_indexer: Signatures page received page_len=116 total=116 elapsed_ms=419
17:06:44.442510  INFO on_chain_event_indexer: No more signatures available
17:06:44.442553  INFO on_chain_event_indexer: Signature sync finished total=116 elapsed_ms=432
17:06:44.448604  INFO on_chain_event_indexer: Fetched unprocessed signatures count=100
17:06:44.466500  INFO indexer_run{[3maddress[0m[2m=[0mpx1rb...z2HwH}:indexer_run{[3maddress[0m[2m=[0mDfsRQ...FiCc6}: on_chain_event_indexer: Signatures page received page_len=62 total=62 elapsed_ms=454
17:06:44.469508  INFO indexer_run{[3maddress[0m[2m=[0mpx1rb...z2HwH}:indexer_run{[3maddress[0m[2m=[0mDfsRQ...FiCc6}: on_chain_event_indexer: No more signatures available
17:06:44.469553  INFO indexer_run{[3maddress[0m[2m=[0mpx1rb...z2HwH}:indexer_run{[3maddress[0m[2m=[0mDfsRQ...FiCc6}: on_chain_event_indexer: Signature sync finished total=62 elapsed_ms=457
17:06:44.470665  INFO indexer_run{[3maddress[0m[2m=[0mpx1rb...z2HwH}: on_chain_event_indexer: Fetched unprocessed signatures count=60
17:06:44.558111  INFO on_chain_event_indexer: Signatures page received page_len=1000 total=1000 elapsed_ms=548
17:06:45.116280  INFO indexer_run{[3maddress[0m[2m=[0mpx1rb...z2HwH}:get_transaction{[3mtotal[0m[2m=[0m60}: on_chain_event_indexer::requests::client: Transactions chunk received chunk_success=10 chunk_failed=0 total_success=10 total_failed=0 elapsed_ms=645
17:06:45.255346  INFO get_transaction{[3mtotal[0m[2m=[0m100}: on_chain_event_indexer::requests::client: Transactions chunk received chunk_success=10 chunk_failed=0 total_success=10 total_failed=0 elapsed_ms=806
17:06:45.389623  INFO get_transaction{[3mtotal[0m[2m=[0m100}:tx_chunk{[3mchunk_index[0m[2m=[0m0 [3mchunk_len[0m[2m=[0m10}: on_chain_event_indexer: Signatures page received page_len=1000 total=2000 elapsed_ms=695
17:06:45.405223  INFO on_chain_event_indexer: No more signatures available
17:06:45.405295  INFO on_chain_event_indexer: Signature sync finished total=2000 elapsed_ms=1395
17:06:45.409786  INFO on_chain_event_indexer: Fetched unprocessed signatures count=100
17:06:45.856776  INFO get_transaction{[3mtotal[0m[2m=[0m100}: on_chain_event_indexer::requests::client: Transactions chunk received chunk_success=10 chunk_failed=0 total_success=10 total_failed=0 elapsed_ms=446
17:06:46.524512  INFO indexer_run{[3maddress[0m[2m=[0mpx1rb...z2HwH}:get_transaction{[3mtotal[0m[2m=[0m60}: on_chain_event_indexer::requests::client: Transactions chunk received chunk_success=10 chunk_failed=0 total_success=20 total_failed=0 elapsed_ms=256
17:06:46.705031  INFO get_transaction{[3mtotal[0m[2m=[0m100}: on_chain_event_indexer::requests::client: Transactions chunk received chunk_success=5 chunk_failed=5 total_success=15 total_failed=5 elapsed_ms=298
17:06:46.705104  WARN get_transaction{[3mtotal[0m[2m=[0m100}: on_chain_event_indexer::requests::client: Transaction chunk completed with failures signature=3rrDR...2THEw status_code=Some(429) rpc_code=Some(-32429) rate limited
17:06:47.321297  INFO get_transaction{[3mtotal[0m[2m=[0m100}: on_chain_event_indexer::requests::client: Transactions chunk received chunk_success=10 chunk_failed=0 total_success=20 total_failed=0 elapsed_ms=313
17:06:48.084521  INFO indexer_run{[3maddress[0m[2m=[0mpx1rb...z2HwH}:get_transaction{[3mtotal[0m[2m=[0m60}: on_chain_event_indexer::requests::client: Transactions chunk received chunk_success=10 chunk_failed=0 total_success=30 total_failed=0 elapsed_ms=408
17:06:48.170435  INFO get_transaction{[3mtotal[0m[2m=[0m100}: on_chain_event_indexer::requests::client: Transactions chunk received chunk_success=9 chunk_failed=1 total_success=24 total_failed=6 elapsed_ms=314
17:06:48.170484  WARN get_transaction{[3mtotal[0m[2m=[0m100}: on_chain_event_indexer::requests::client: Transaction chunk completed with failures signature=wNNFR...dWiV6 status_code=Some(429) rpc_code=Some(-32429) rate limited
17:06:48.784249  INFO get_transaction{[3mtotal[0m[2m=[0m100}: on_chain_event_indexer::requests::client: Transactions chunk received chunk_success=10 chunk_failed=0 total_success=30 total_failed=0 elapsed_ms=311
17:06:49.611721  INFO indexer_run{[3maddress[0m[2m=[0mpx1rb...z2HwH}:get_transaction{[3mtotal[0m[2m=[0m60}: on_chain_event_indexer::requests::client: Transactions chunk received chunk_success=10 chunk_failed=0 total_success=40 total_failed=0 elapsed_ms=375
17:24:52.881492  INFO on_chain_event_indexer::telemetry: Logger initialized
17:24:52.884906  WARN new_pool: sqlx::postgres::notice: database "app_db" has a collation version mismatch
17:24:52.885173  INFO new_pool: on_chain_event_indexer::database: Database pool created elapsed_ms=3
17:24:52.896009  INFO on_chain_event_indexer::api: Starting API server initialization
17:24:52.896257  INFO on_chain_event_indexer::api: API listener bound address="127.0.0.1:8080"
17:24:52.896280  INFO on_chain_event_indexer::api: API server is running
17:24:52.898712  WARN claim_pending_job: sqlx::postgres::notice: database "app_db" has a collation version mismatch
17:24:52.899165  WARN claim_pending_job: sqlx::postgres::notice: database "app_db" has a collation version mismatch
17:24:52.899174  WARN claim_pending_job: sqlx::postgres::notice: database "app_db" has a collation version mismatch
17:28:02.545566  INFO on_chain_event_indexer::telemetry: Logger initialized
17:28:02.548487  WARN new_pool: sqlx::postgres::notice: database "app_db" has a collation version mismatch
17:28:02.548879  INFO new_pool: on_chain_event_indexer::database: Database pool created elapsed_ms=3
17:28:02.559218  INFO on_chain_event_indexer::api: Starting API server initialization
17:28:02.559594  INFO on_chain_event_indexer::api: API listener bound address="127.0.0.1:8080"
17:28:02.559640  INFO on_chain_event_indexer::api: API server is running
17:28:02.561994  WARN claim_pending_job: sqlx::postgres::notice: database "app_db" has a collation version mismatch
17:28:02.562214  WARN claim_pending_job: sqlx::postgres::notice: database "app_db" has a collation version mismatch
17:28:02.562748  WARN claim_pending_job: sqlx::postgres::notice: database "app_db" has a collation version mismatch
17:40:08.704213  INFO on_chain_event_indexer::telemetry: Logger initialized
17:40:08.707560  INFO new_pool: on_chain_event_indexer::database: Database pool created elapsed_ms=2
17:40:08.718373  INFO on_chain_event_indexer::api: Starting API server initialization
17:40:08.718634  INFO on_chain_event_indexer::api: API listener bound address="127.0.0.1:8080"
17:40:08.718652  INFO on_chain_event_indexer::api: API server is running
17:40:23.654892  INFO on_chain_event_indexer::api: Received address processing request address=HELL1...A6kFe
17:40:23.657900  INFO on_chain_event_indexer::api: Processing job created job_id=1
17:40:23.764839  INFO indexer_run{[3maddress[0m[2m=[0mHELL1...A6kFe}: on_chain_event_indexer: Fetching signatures started
17:40:25.195770  INFO indexer_run{[3maddress[0m[2m=[0mHELL1...A6kFe}: on_chain_event_indexer::api: Received address processing request address=BLp38...GhLuN
17:40:25.202437  INFO on_chain_event_indexer::api: Processing job created job_id=2
17:40:25.221463  INFO indexer_run{[3maddress[0m[2m=[0mBLp38...GhLuN}: on_chain_event_indexer: Fetching signatures started
17:40:26.290301  INFO indexer_run{[3maddress[0m[2m=[0mHELL1...A6kFe}: on_chain_event_indexer: Signatures page received page_len=1000 total=1000 elapsed_ms=1068
17:40:26.943163  INFO on_chain_event_indexer: Signatures page received page_len=1000 total=1000 elapsed_ms=3178
17:40:27.416870  INFO on_chain_event_indexer: Signatures page received page_len=1000 total=2000 elapsed_ms=987
17:40:27.435575  INFO indexer_run{[3maddress[0m[2m=[0mBLp38...GhLuN}: on_chain_event_indexer: No more signatures available
17:40:27.435724  INFO indexer_run{[3maddress[0m[2m=[0mBLp38...GhLuN}: on_chain_event_indexer: Signature sync finished total=2000 elapsed_ms=2214
17:40:27.439123  INFO on_chain_event_indexer: Fetched unprocessed signatures count=100
17:40:27.840743  INFO on_chain_event_indexer: Signatures page received page_len=1000 total=2000 elapsed_ms=757
17:40:27.856843  INFO on_chain_event_indexer: No more signatures available
17:40:27.856931  INFO on_chain_event_indexer: Signature sync finished total=2000 elapsed_ms=4092
17:40:27.859467  INFO on_chain_event_indexer: Fetched unprocessed signatures count=100
17:40:28.477271  INFO get_transaction{[3mtotal[0m[2m=[0m100}: on_chain_event_indexer::requests::client: Transactions chunk received chunk_success=10 chunk_failed=0 total_success=10 total_failed=0 elapsed_ms=617
17:40:28.690444  INFO get_transaction{[3mtotal[0m[2m=[0m100}: on_chain_event_indexer::requests::client: Transactions chunk received chunk_success=10 chunk_failed=0 total_success=10 total_failed=0 elapsed_ms=1251
17:40:30.001707  INFO get_transaction{[3mtotal[0m[2m=[0m100}: on_chain_event_indexer::requests::client: Transactions chunk received chunk_success=10 chunk_failed=0 total_success=20 total_failed=0 elapsed_ms=373
17:40:30.299832  INFO get_transaction{[3mtotal[0m[2m=[0m100}: on_chain_event_indexer::requests::client: Transactions chunk received chunk_success=10 chunk_failed=0 total_success=20 total_failed=0 elapsed_ms=458
12:42:32.849002  INFO on_chain_event_indexer::telemetry: Logger initialized
12:42:32.860199  INFO new_pool: on_chain_event_indexer::database: Database pool created elapsed_ms=10
12:42:32.876931  INFO on_chain_event_indexer::frontend: Starting API server initialization
12:42:32.877240  INFO on_chain_event_indexer::frontend: API listener bound address="127.0.0.1:8080"
12:42:32.877263  INFO on_chain_event_indexer::frontend: API server is running
12:42:38.014631  INFO on_chain_event_indexer::frontend: Received address processing request address=6KPYD...eruu2
12:42:38.024356  INFO on_chain_event_indexer::frontend: Processing job created job_id=3
12:42:38.119292  INFO indexer_run{[3maddress[0m[2m=[0m6KPYD...eruu2}: on_chain_event_indexer: Fetching signatures started
12:42:38.791207  INFO on_chain_event_indexer: Signatures page received page_len=1000 total=1000 elapsed_ms=671
12:42:39.297267  INFO indexer_run{[3maddress[0m[2m=[0m6KPYD...eruu2}: on_chain_event_indexer: Signatures page received page_len=1000 total=2000 elapsed_ms=354
12:42:39.310694  INFO indexer_run{[3maddress[0m[2m=[0m6KPYD...eruu2}: on_chain_event_indexer: No more signatures available
12:42:39.310777  INFO indexer_run{[3maddress[0m[2m=[0m6KPYD...eruu2}: on_chain_event_indexer: Signature sync finished total=2000 elapsed_ms=1191
12:42:39.317836  INFO on_chain_event_indexer: Fetched unprocessed signatures count=100
12:42:39.999959  INFO get_transaction{[3mtotal[0m[2m=[0m100}: on_chain_event_indexer::requests::client: Transactions chunk received chunk_success=10 chunk_failed=0 total_success=10 total_failed=0 elapsed_ms=681
12:42:41.673869  INFO get_transaction{[3mtotal[0m[2m=[0m100}: on_chain_event_indexer::requests::client: Transactions chunk received chunk_success=10 chunk_failed=0 total_success=20 total_failed=0 elapsed_ms=522
12:42:46.361111  INFO on_chain_event_indexer::telemetry: Logger initialized
12:42:46.364116  INFO new_pool: on_chain_event_indexer::database: Database pool created elapsed_ms=2
12:42:46.375224  INFO on_chain_event_indexer::frontend: Starting API server initialization
12:42:46.375631  INFO on_chain_event_indexer::frontend: API listener bound address="127.0.0.1:8080"
12:42:46.375678  INFO on_chain_event_indexer::frontend: API server is running
12:42:56.759608  INFO on_chain_event_indexer::frontend: Received address processing request address=6KPYD...eruu2
12:42:56.760727  INFO on_chain_event_indexer::frontend: Processing job skipped: address already exists address=6KPYD...eruu2
12:43:01.679147  INFO on_chain_event_indexer::frontend: Received address processing request address=6KPYD...eruu2
12:43:01.680399  INFO on_chain_event_indexer::frontend: Processing job skipped: address already exists address=6KPYD...eruu2
12:43:02.735692  INFO on_chain_event_indexer::frontend: Received address processing request address=6KPYD...eruu2
12:43:02.736784  INFO on_chain_event_indexer::frontend: Processing job skipped: address already exists address=6KPYD...eruu2
12:43:09.393415  INFO on_chain_event_indexer::frontend: Received address processing request address=6KPYD...eruu2
12:43:09.394205  INFO on_chain_event_indexer::frontend: Processing job skipped: address already exists address=6KPYD...eruu2
12:43:12.039014  INFO on_chain_event_indexer::frontend: Received address processing request address=6KPYD...eruu2
12:43:12.040500  INFO on_chain_event_indexer::frontend: Processing job skipped: address already exists address=6KPYD...eruu2
12:43:15.061344  INFO on_chain_event_indexer::frontend: Received address processing request address=6KPYD...eruu2
12:43:15.062124  INFO on_chain_event_indexer::frontend: Processing job skipped: address already exists address=6KPYD...eruu2
12:43:17.797886  INFO on_chain_event_indexer::frontend: Received address processing request address=6KPYD...eruu2
12:43:17.799122  INFO on_chain_event_indexer::frontend: Processing job skipped: address already exists address=6KPYD...eruu2
12:43:43.545019  INFO on_chain_event_indexer::frontend: Received address processing request address=6KPYD...eruu2
12:43:43.546015  INFO on_chain_event_indexer::frontend: Processing job skipped: address already exists address=6KPYD...eruu2
12:43:45.583579  INFO on_chain_event_indexer::frontend: Received address processing request address=6KPYD...eruu2
12:43:45.584758  INFO on_chain_event_indexer::frontend: Processing job skipped: address already exists address=6KPYD...eruu2
12:43:47.557151  INFO on_chain_event_indexer::frontend: Received address processing request address=6KPYD...eruu2
12:43:47.558909  INFO on_chain_event_indexer::frontend: Processing job skipped: address already exists address=6KPYD...eruu2
12:43:49.903853  INFO on_chain_event_indexer::frontend: Received address processing request address=6KPYD...eruu2
12:43:49.904975  INFO on_chain_event_indexer::frontend: Processing job skipped: address already exists address=6KPYD...eruu2
12:47:14.384973  INFO on_chain_event_indexer::telemetry: Logger initialized
12:47:14.390730  INFO new_pool: on_chain_event_indexer::database: Database pool created elapsed_ms=4
12:47:14.411551  INFO on_chain_event_indexer::frontend: Starting API server initialization
12:47:14.412393  INFO on_chain_event_indexer::frontend: API listener bound address="127.0.0.1:8080"
12:47:14.412440  INFO on_chain_event_indexer::frontend: API server is running
12:47:21.628801  INFO on_chain_event_indexer::frontend: Received address processing request address=6KPYD...eruu2
12:47:21.631648  INFO on_chain_event_indexer::frontend: Processing job created job_id=4
12:47:21.663496  INFO indexer_run{[3maddress[0m[2m=[0m6KPYD...eruu2}: on_chain_event_indexer: Fetching signatures started
12:47:22.172506  WARN indexer_run{[3maddress[0m[2m=[0m6KPYD...eruu2}:get_signatures{[3madress[0m[2m=[0m"6KPYDyuRnpuKcm1TerUmwLd2Bcaihv111Ccrr8beruu2" [3mlast_signature[0m[2m=[0mNone [3maddress[0m[2m=[0m6KPYD...eruu2 [3mbefore[0m[2m=[0mNone}: on_chain_event_indexer::requests::client: Empty signatures response
12:47:22.172644  INFO on_chain_event_indexer: Signatures page received page_len=0 total=0 elapsed_ms=509
12:47:22.172766  INFO on_chain_event_indexer: No more signatures available
12:47:22.172817  INFO on_chain_event_indexer: Signature sync finished total=0 elapsed_ms=509
12:47:22.175937  INFO on_chain_event_indexer: Fetched unprocessed signatures count=0
12:47:22.175995  INFO on_chain_event_indexer: No more signatures available
12:47:22.181834  INFO on_chain_event_indexer: Indexer finished for 6KPYDyuRnpuKcm1TerUmwLd2Bcaihv111Ccrr8beruu2 elapsed_ms=7770 worker_id=2 job_id=4
